WARNING    2022-08-02 17:21:17,383  [2022-08-02 17:21:17.382743./home/don/py/DMM/twitter_aff_videos/selenium_upload/master_twit_upload_module_genre_qwpo.py] tsuma_dogaスタート
ERROR      2022-08-02 17:24:17,801  [2022-08-02 17:21:17.382743./home/don/py/DMM/twitter_aff_videos/selenium_upload/master_twit_upload_module_genre_qwpo.py] Message: unknown error: net::ERR_CONNECTION_TIMED_OUT
  (Session info: headless chrome=103.0.5060.134)
Stacktrace:
#0 0x55d4c3c71133 <unknown>
#1 0x55d4c3a9a318 <unknown>
#2 0x55d4c3a940f5 <unknown>
#3 0x55d4c3a86b0d <unknown>
#4 0x55d4c3a87a72 <unknown>
#5 0x55d4c3a86da6 <unknown>
#6 0x55d4c3a86285 <unknown>
#7 0x55d4c3a8506e <unknown>
#8 0x55d4c3a854a2 <unknown>
#9 0x55d4c3a9bd32 <unknown>
#10 0x55d4c3b0197f <unknown>
#11 0x55d4c3aee112 <unknown>
#12 0x55d4c3b011d8 <unknown>
#13 0x55d4c3aee003 <unknown>
#14 0x55d4c3ac413c <unknown>
#15 0x55d4c3ac5265 <unknown>
#16 0x55d4c3cb3076 <unknown>
#17 0x55d4c3cb6f3c <unknown>
#18 0x55d4c3c9ed2e <unknown>
#19 0x55d4c3cb79c4 <unknown>
#20 0x55d4c3c93585 <unknown>
#21 0x55d4c3cd19f8 <unknown>
#22 0x55d4c3cd1b53 <unknown>
#23 0x55d4c3ceb6a3 <unknown>
#24 0x7f90326db609 <unknown>
Traceback (most recent call last):
  File "/home/don/py/DMM/twitter_aff_videos/selenium_upload/master_twit_upload_module_genre_qwpo.py", line 55, in Uploads
    self.driver.get(self.twitter)
  File "/home/don/anaconda3/envs/basic/lib/python3.10/site-packages/selenium/webdriver/remote/webdriver.py", line 442, in get
    self.execute(Command.GET, {'url': url})
  File "/home/don/anaconda3/envs/basic/lib/python3.10/site-packages/selenium/webdriver/remote/webdriver.py", line 430, in execute
    self.error_handler.check_response(response)
  File "/home/don/anaconda3/envs/basic/lib/python3.10/site-packages/selenium/webdriver/remote/errorhandler.py", line 247, in check_response
    raise exception_class(message, screen, stacktrace)
selenium.common.exceptions.WebDriverException: Message: unknown error: net::ERR_CONNECTION_TIMED_OUT
  (Session info: headless chrome=103.0.5060.134)
Stacktrace:
#0 0x55d4c3c71133 <unknown>
#1 0x55d4c3a9a318 <unknown>
#2 0x55d4c3a940f5 <unknown>
#3 0x55d4c3a86b0d <unknown>
#4 0x55d4c3a87a72 <unknown>
#5 0x55d4c3a86da6 <unknown>
#6 0x55d4c3a86285 <unknown>
#7 0x55d4c3a8506e <unknown>
#8 0x55d4c3a854a2 <unknown>
#9 0x55d4c3a9bd32 <unknown>
#10 0x55d4c3b0197f <unknown>
#11 0x55d4c3aee112 <unknown>
#12 0x55d4c3b011d8 <unknown>
#13 0x55d4c3aee003 <unknown>
#14 0x55d4c3ac413c <unknown>
#15 0x55d4c3ac5265 <unknown>
#16 0x55d4c3cb3076 <unknown>
#17 0x55d4c3cb6f3c <unknown>
#18 0x55d4c3c9ed2e <unknown>
#19 0x55d4c3cb79c4 <unknown>
#20 0x55d4c3c93585 <unknown>
#21 0x55d4c3cd19f8 <unknown>
#22 0x55d4c3cd1b53 <unknown>
#23 0x55d4c3ceb6a3 <unknown>
#24 0x7f90326db609 <unknown>

