WARNING    2022-08-02 17:08:20,839  [2022-08-02 17:08:20.839096./home/don/py/DMM/twitter_aff_videos/selenium_upload/master_twit_upload_module_genre_qwpo.py] スタート
ERROR      2022-08-02 17:11:25,707  [2022-08-02 17:08:20.839096./home/don/py/DMM/twitter_aff_videos/selenium_upload/master_twit_upload_module_genre_qwpo.py] Message: unknown error: net::ERR_CONNECTION_TIMED_OUT
  (Session info: headless chrome=103.0.5060.134)
Stacktrace:
#0 0x55bcc3fa0133 <unknown>
#1 0x55bcc3dc9318 <unknown>
#2 0x55bcc3dc30f5 <unknown>
#3 0x55bcc3db5b0d <unknown>
#4 0x55bcc3db6a72 <unknown>
#5 0x55bcc3db5da6 <unknown>
#6 0x55bcc3db5285 <unknown>
#7 0x55bcc3db406e <unknown>
#8 0x55bcc3db44a2 <unknown>
#9 0x55bcc3dcad32 <unknown>
#10 0x55bcc3e3097f <unknown>
#11 0x55bcc3e1d112 <unknown>
#12 0x55bcc3e301d8 <unknown>
#13 0x55bcc3e1d003 <unknown>
#14 0x55bcc3df313c <unknown>
#15 0x55bcc3df4265 <unknown>
#16 0x55bcc3fe2076 <unknown>
#17 0x55bcc3fe5f3c <unknown>
#18 0x55bcc3fcdd2e <unknown>
#19 0x55bcc3fe69c4 <unknown>
#20 0x55bcc3fc2585 <unknown>
#21 0x55bcc40009f8 <unknown>
#22 0x55bcc4000b53 <unknown>
#23 0x55bcc401a6a3 <unknown>
#24 0x7f94bc084609 <unknown>
Traceback (most recent call last):
  File "/home/don/py/DMM/twitter_aff_videos/selenium_upload/master_twit_upload_module_genre_qwpo.py", line 55, in Uploads
    self.driver.get(self.twitter)
  File "/home/don/anaconda3/envs/basic/lib/python3.10/site-packages/selenium/webdriver/remote/webdriver.py", line 442, in get
    self.execute(Command.GET, {'url': url})
  File "/home/don/anaconda3/envs/basic/lib/python3.10/site-packages/selenium/webdriver/remote/webdriver.py", line 430, in execute
    self.error_handler.check_response(response)
  File "/home/don/anaconda3/envs/basic/lib/python3.10/site-packages/selenium/webdriver/remote/errorhandler.py", line 247, in check_response
    raise exception_class(message, screen, stacktrace)
selenium.common.exceptions.WebDriverException: Message: unknown error: net::ERR_CONNECTION_TIMED_OUT
  (Session info: headless chrome=103.0.5060.134)
Stacktrace:
#0 0x55bcc3fa0133 <unknown>
#1 0x55bcc3dc9318 <unknown>
#2 0x55bcc3dc30f5 <unknown>
#3 0x55bcc3db5b0d <unknown>
#4 0x55bcc3db6a72 <unknown>
#5 0x55bcc3db5da6 <unknown>
#6 0x55bcc3db5285 <unknown>
#7 0x55bcc3db406e <unknown>
#8 0x55bcc3db44a2 <unknown>
#9 0x55bcc3dcad32 <unknown>
#10 0x55bcc3e3097f <unknown>
#11 0x55bcc3e1d112 <unknown>
#12 0x55bcc3e301d8 <unknown>
#13 0x55bcc3e1d003 <unknown>
#14 0x55bcc3df313c <unknown>
#15 0x55bcc3df4265 <unknown>
#16 0x55bcc3fe2076 <unknown>
#17 0x55bcc3fe5f3c <unknown>
#18 0x55bcc3fcdd2e <unknown>
#19 0x55bcc3fe69c4 <unknown>
#20 0x55bcc3fc2585 <unknown>
#21 0x55bcc40009f8 <unknown>
#22 0x55bcc4000b53 <unknown>
#23 0x55bcc401a6a3 <unknown>
#24 0x7f94bc084609 <unknown>

